{
  "stats": {
    "suites": 1,
    "tests": 10,
    "passes": 10,
    "pending": 0,
    "failures": 0,
    "testsRegistered": 10,
    "passPercent": 100,
    "pendingPercent": 0,
    "other": 0,
    "hasOther": false,
    "skipped": 0,
    "hasSkipped": false,
    "start": "2025-03-31T19:41:59.982Z",
    "end": "2025-03-31T19:42:34.489Z",
    "duration": 34507
  },
  "results": [
    {
      "uuid": "c99f7809-6e89-488f-869f-f120088a8376",
      "title": "",
      "fullFile": "cypress/e2e/kanban-board.spec.cy.js",
      "file": "cypress/e2e/kanban-board.spec.cy.js",
      "beforeHooks": [],
      "afterHooks": [],
      "tests": [],
      "suites": [
        {
          "uuid": "9fd3faaf-2810-4f56-964d-edb1f8b684eb",
          "title": "Jira Kanban Board Test",
          "fullFile": "",
          "file": "",
          "beforeHooks": [],
          "afterHooks": [],
          "tests": [
            {
              "title": "should verify ticket search works",
              "fullTitle": "Jira Kanban Board Test should verify ticket search works",
              "timedOut": null,
              "duration": 2528,
              "state": "passed",
              "speed": "fast",
              "pass": true,
              "fail": false,
              "pending": false,
              "context": null,
              "code": "const searchText = 'What ';\ncy.get('.input').click().type(searchText);\ncy.get('.input').should('have.value', searchText);\ncy.wait(500);\nlet totalCount = 0;\nconst selectors = [':nth-child(1) > .status-list > .px-3 > .lowercase', ':nth-child(2) > .status-list > .px-3 > .lowercase', ':nth-child(3) > .status-list > .px-3 > .lowercase', ':nth-child(4) > .status-list > .px-3 > .lowercase'];\nselectors.forEach(selector => {\n  cy.get(selector).invoke('text').then(text => {\n    const count = parseInt(text.trim(), 10);\n    expect(count).to.be.oneOf([0, 1]);\n    totalCount += count;\n  });\n});\ncy.wrap(null).should(() => {\n  expect(totalCount).to.eq(1);\n});",
              "err": {},
              "uuid": "c9785742-4778-4a87-85ac-f83faf4e5a45",
              "parentUUID": "9fd3faaf-2810-4f56-964d-edb1f8b684eb",
              "isHook": false,
              "skipped": false
            },
            {
              "title": "should verify changing ticket status works",
              "fullTitle": "Jira Kanban Board Test should verify changing ticket status works",
              "timedOut": null,
              "duration": 5737,
              "state": "passed",
              "speed": "medium",
              "pass": true,
              "fail": false,
              "pending": false,
              "context": null,
              "code": "cy.get('#Backlog > :nth-child(1) > .issue-wrap > .issue').click();\ncy.wait(1000);\nlet C;\ncy.get('issue-status > .ant-dropdown-trigger > .btn').invoke('text').then(text => {\n  C = text.trim();\n  cy.log('Initial ticket status (C):', C);\n});\ncy.get('issue-status > .ant-dropdown-trigger > .btn').click();\ncy.wait(1000);\ncy.get('.mt-3 > :nth-child(3)').click();\ncy.wait(1000);\nlet D;\ncy.get('issue-status > .ant-dropdown-trigger > .btn').invoke('text').then(text => {\n  D = text.trim();\n  cy.log('New ticket status (D):', D);\n  expect(C).to.not.equal(D);\n});\ncy.get('issue-status > .ant-dropdown-trigger > .btn').click();\ncy.wait(1000);\ncy.get('.ant-dropdown-menu').contains('Backlog').click();\ncy.wait(1000);\ncy.get('issue-status > .ant-dropdown-trigger > .btn').invoke('text').should('contain', 'Backlog');",
              "err": {},
              "uuid": "d20c50bc-52b2-4c99-8071-8d454746edaf",
              "parentUUID": "9fd3faaf-2810-4f56-964d-edb1f8b684eb",
              "isHook": false,
              "skipped": false
            },
            {
              "title": "should verify changing the reporter works",
              "fullTitle": "Jira Kanban Board Test should verify changing the reporter works",
              "timedOut": null,
              "duration": 6841,
              "state": "passed",
              "speed": "medium",
              "pass": true,
              "fail": false,
              "pending": false,
              "context": null,
              "code": "cy.get('#Backlog > :nth-child(3) > .issue-wrap > .issue').click();\ncy.wait(1000);\nlet E;\ncy.get('issue-reporter > .ant-dropdown-trigger > .btn').invoke('text').then(text => {\n  E = text.trim();\n  cy.log('Initial reporter (E):', E);\n});\ncy.get('issue-reporter > .ant-dropdown-trigger > .btn').click();\ncy.wait(1000);\ncy.get('.ant-dropdown-menu').contains('Captain').click();\ncy.wait(1000);\nlet F;\ncy.get('issue-reporter > .ant-dropdown-trigger > .btn').invoke('text').then(text => {\n  F = text.trim();\n  cy.log('New reporter (F):', F);\n  expect(E).to.not.equal(F);\n});\ncy.get('issue-reporter > .ant-dropdown-trigger > .btn').click();\ncy.wait(1000);\ncy.get('.ant-dropdown-menu').contains('Trung Vo').click();\ncy.wait(1000);\ncy.get('issue-reporter > .ant-dropdown-trigger > .btn').invoke('text').should('contain', 'Trung Vo');",
              "err": {},
              "uuid": "4285e47a-5428-4b11-9419-af47a0bbcdab",
              "parentUUID": "9fd3faaf-2810-4f56-964d-edb1f8b684eb",
              "isHook": false,
              "skipped": false
            },
            {
              "title": "should verify add and delete assignees work",
              "fullTitle": "Jira Kanban Board Test should verify add and delete assignees work",
              "timedOut": null,
              "duration": 4799,
              "state": "passed",
              "speed": "fast",
              "pass": true,
              "fail": false,
              "pending": false,
              "context": null,
              "code": "cy.get('#Selected > :nth-child(2) > .issue-wrap > .issue').click();\ncy.wait(1000);\ncy.get('.ant-dropdown-link').click();\ncy.wait(1000);\ncy.get('.ant-dropdown-menu').contains('Spider Man').click();\ncy.wait(1000);\ncy.get('.md\\\\:w-5\\\\/12').should('contain', 'Spider Man');\ncy.get('svg-icon.text-textLight').eq(2).click();\ncy.wait(1000);\ncy.get('.md\\\\:w-5\\\\/12').should('not.contain', 'Spider Man');",
              "err": {},
              "uuid": "74e74bba-1395-4d31-9e81-56a0e75b25a9",
              "parentUUID": "9fd3faaf-2810-4f56-964d-edb1f8b684eb",
              "isHook": false,
              "skipped": false
            },
            {
              "title": "should verify priority section works",
              "fullTitle": "Jira Kanban Board Test should verify priority section works",
              "timedOut": null,
              "duration": 3107,
              "state": "passed",
              "speed": "fast",
              "pass": true,
              "fail": false,
              "pending": false,
              "context": null,
              "code": "cy.get('#Selected > :nth-child(2) > .issue-wrap > .issue').click();\ncy.wait(1000);\nlet priorityG;\ncy.get('issue-priority > .ant-dropdown-trigger > .btn').invoke('text').then(text => {\n  priorityG = text.trim();\n  cy.get('issue-priority > .ant-dropdown-trigger > .btn').click();\n});\ncy.get('.ant-dropdown > .mt-3 > :nth-child(2)').click();\ncy.wait(1000);\nlet priorityH;\ncy.get('issue-priority > .ant-dropdown-trigger > .btn').invoke('text').then(text => {\n  priorityH = text.trim();\n  expect(priorityG).not.to.eq(priorityH);\n});\ncy.get('issue-priority > .ant-dropdown-trigger > .btn').click();\ncy.get('.ant-dropdown > .mt-3 > :nth-child(1)').click();",
              "err": {},
              "uuid": "78f4fe7f-ba9b-4917-9ddb-118bcf6d9927",
              "parentUUID": "9fd3faaf-2810-4f56-964d-edb1f8b684eb",
              "isHook": false,
              "skipped": false
            },
            {
              "title": "should verify adding comment on ticket works",
              "fullTitle": "Jira Kanban Board Test should verify adding comment on ticket works",
              "timedOut": null,
              "duration": 2301,
              "state": "passed",
              "speed": "fast",
              "pass": true,
              "fail": false,
              "pending": false,
              "context": null,
              "code": "cy.get('#InProgress > :nth-child(4) > .issue-wrap > .issue').click();\ncy.get('.editing-area > .cdk-textarea-autosize').click().type('test comment');\ncy.get('.flex > :nth-child(1) > .btn').click();\ncy.wait(1000);\ncy.get('.md\\\\:w-7\\\\/12').should('contain', 'test comment');",
              "err": {},
              "uuid": "4d048621-0125-4534-a2cd-8d6ac411b63c",
              "parentUUID": "9fd3faaf-2810-4f56-964d-edb1f8b684eb",
              "isHook": false,
              "skipped": false
            },
            {
              "title": "should verify changing title works",
              "fullTitle": "Jira Kanban Board Test should verify changing title works",
              "timedOut": null,
              "duration": 1505,
              "state": "passed",
              "speed": "fast",
              "pass": true,
              "fail": false,
              "pending": false,
              "context": null,
              "code": "cy.get('#Done > :nth-child(2) > .issue-wrap > .issue').click();\nlet titleBefore;\ncy.get('issue-title > .cdk-textarea-autosize').invoke('val').then(text => {\n  titleBefore = text;\n  cy.get('issue-title > .cdk-textarea-autosize').click().clear().type('Happy birthday');\n});\ncy.get('issue-title > .cdk-textarea-autosize').invoke('val').then(titleAfter => {\n  expect(titleBefore).not.to.eq(titleAfter);\n});\ncy.get('.ng-trigger').click();\ncy.get('[icon=\"times\"] > .btn').click();\ncy.get('.flex-col').should('contain', 'Happy birthday');",
              "err": {},
              "uuid": "74e47832-454d-41da-850d-1d7b8c9eaeeb",
              "parentUUID": "9fd3faaf-2810-4f56-964d-edb1f8b684eb",
              "isHook": false,
              "skipped": false
            },
            {
              "title": "should verify changing the description works",
              "fullTitle": "Jira Kanban Board Test should verify changing the description works",
              "timedOut": null,
              "duration": 2282,
              "state": "passed",
              "speed": "fast",
              "pass": true,
              "fail": false,
              "pending": false,
              "context": null,
              "code": "cy.get(':nth-child(5) > .issue-wrap > .issue').click();\ncy.get('.ql-editor').click();\ncy.get('.ql-editor').clear();\ncy.get('.ql-editor').type('This is new description');\ncy.get('.mr-2 > .btn').click();\ncy.get('.md\\\\:w-7\\\\/12').should('contain', 'This is new description');",
              "err": {},
              "uuid": "49795f9f-2989-46bc-a648-db0f7ea62393",
              "parentUUID": "9fd3faaf-2810-4f56-964d-edb1f8b684eb",
              "isHook": false,
              "skipped": false
            },
            {
              "title": "should verify filtering with ignore resolved tickets works",
              "fullTitle": "Jira Kanban Board Test should verify filtering with ignore resolved tickets works",
              "timedOut": null,
              "duration": 1442,
              "state": "passed",
              "speed": "fast",
              "pass": true,
              "fail": false,
              "pending": false,
              "context": null,
              "code": "cy.get(':nth-child(4) > .status-list > .px-3').invoke('text').should('not.contain', '0');\ncy.get(':nth-child(4) > .btn').click();\ncy.wait(1000);\ncy.get(':nth-child(4) > .status-list > .px-3').invoke('text').should('contain', '0');",
              "err": {},
              "uuid": "f6c51ec8-33f5-463c-af1e-36aa28738617",
              "parentUUID": "9fd3faaf-2810-4f56-964d-edb1f8b684eb",
              "isHook": false,
              "skipped": false
            },
            {
              "title": "should verify changing the ticket type works",
              "fullTitle": "Jira Kanban Board Test should verify changing the ticket type works",
              "timedOut": null,
              "duration": 2564,
              "state": "passed",
              "speed": "fast",
              "pass": true,
              "fail": false,
              "pending": false,
              "context": null,
              "code": "cy.get('#Selected > :nth-child(1) > .issue-wrap > .issue').click();\ncy.get('button.btn-empty.icon-only').eq(1).click();\ncy.get('.type-dropdown > .ant-dropdown-trigger > .btn').invoke('text').then(K => {\n  cy.get('.type-dropdown > .ant-dropdown-trigger > .btn').click();\n  cy.wait(500);\n  cy.get('.ant-dropdown-menu > :nth-child(2)').click();\n  cy.wait(500);\n  cy.get('.type-dropdown > .ant-dropdown-trigger > .btn').invoke('text').then(L => {\n    expect(K).not.to.eq(L);\n  });\n});",
              "err": {},
              "uuid": "d0288130-4c4d-45ea-ba89-9bc5401be1b7",
              "parentUUID": "9fd3faaf-2810-4f56-964d-edb1f8b684eb",
              "isHook": false,
              "skipped": false
            }
          ],
          "suites": [],
          "passes": [
            "c9785742-4778-4a87-85ac-f83faf4e5a45",
            "d20c50bc-52b2-4c99-8071-8d454746edaf",
            "4285e47a-5428-4b11-9419-af47a0bbcdab",
            "74e74bba-1395-4d31-9e81-56a0e75b25a9",
            "78f4fe7f-ba9b-4917-9ddb-118bcf6d9927",
            "4d048621-0125-4534-a2cd-8d6ac411b63c",
            "74e47832-454d-41da-850d-1d7b8c9eaeeb",
            "49795f9f-2989-46bc-a648-db0f7ea62393",
            "f6c51ec8-33f5-463c-af1e-36aa28738617",
            "d0288130-4c4d-45ea-ba89-9bc5401be1b7"
          ],
          "failures": [],
          "pending": [],
          "skipped": [],
          "duration": 33106,
          "root": false,
          "rootEmpty": false,
          "_timeout": 2000
        }
      ],
      "passes": [],
      "failures": [],
      "pending": [],
      "skipped": [],
      "duration": 0,
      "root": true,
      "rootEmpty": true,
      "_timeout": 2000
    }
  ],
  "meta": {
    "mocha": {
      "version": "7.0.1"
    },
    "mochawesome": {
      "options": {
        "quiet": false,
        "reportFilename": "mochawesome",
        "saveHtml": true,
        "saveJson": true,
        "consoleReporter": "spec",
        "useInlineDiffs": false,
        "code": true
      },
      "version": "7.1.3"
    },
    "marge": {
      "options": {
        "reportDir": "cypress/reports",
        "overwrite": false,
        "html": true,
        "json": true
      },
      "version": "6.2.0"
    }
  }
}